<?xml version="1.0" encoding="UTF-8"?>
<testsuite name="com.ll.BlogApplicationTests" time="0.06" tests="1" errors="0" skipped="0" failures="0">
  <properties>
    <property name="idea.version" value="2021.3.3"/>
    <property name="java.runtime.name" value="Java(TM) SE Runtime Environment"/>
    <property name="sun.boot.library.path" value="D:\Program Files\Java\jdk1.8.0_202\jre\bin"/>
    <property name="java.vm.version" value="25.202-b08"/>
    <property name="java.vm.vendor" value="Oracle Corporation"/>
    <property name="maven.multiModuleProjectDirectory" value="C:\Users\HUAWEI\Desktop\SpringBoke\毕设-博客系统\blog"/>
    <property name="java.vendor.url" value="http://java.oracle.com/"/>
    <property name="path.separator" value=";"/>
    <property name="guice.disable.misplaced.annotation.check" value="true"/>
    <property name="java.vm.name" value="Java HotSpot(TM) 64-Bit Server VM"/>
    <property name="file.encoding.pkg" value="sun.io"/>
    <property name="user.script" value=""/>
    <property name="user.country" value="CN"/>
    <property name="sun.java.launcher" value="SUN_STANDARD"/>
    <property name="sun.os.patch.level" value=""/>
    <property name="java.vm.specification.name" value="Java Virtual Machine Specification"/>
    <property name="user.dir" value="C:\Users\HUAWEI\Desktop\SpringBoke\毕设-博客系统\blog"/>
    <property name="java.runtime.version" value="1.8.0_202-b08"/>
    <property name="java.awt.graphicsenv" value="sun.awt.Win32GraphicsEnvironment"/>
    <property name="java.endorsed.dirs" value="D:\Program Files\Java\jdk1.8.0_202\jre\lib\endorsed"/>
    <property name="os.arch" value="amd64"/>
    <property name="java.io.tmpdir" value="C:\Users\HUAWEI\AppData\Local\Temp\"/>
    <property name="line.separator" value="&#10;"/>
    <property name="java.vm.specification.vendor" value="Oracle Corporation"/>
    <property name="user.variant" value=""/>
    <property name="os.name" value="Windows 10"/>
    <property name="maven.ext.class.path" value="D:\Program Files\JetBrains\IntelliJ IDEA 2021.3.3\plugins\maven\lib\maven-event-listener.jar"/>
    <property name="classworlds.conf" value="D:\Program Files\apache-maven-3.8.1\bin\m2.conf"/>
    <property name="sun.jnu.encoding" value="GBK"/>
    <property name="java.library.path" value="D:\Program Files\Java\jdk1.8.0_202\bin;C:\WINDOWS\Sun\Java\bin;C:\WINDOWS\system32;C:\WINDOWS;D:\Program Files (x86)\VMware\VMware Workstation\bin\;C:\Program Files\NVIDIA GPU Computing Toolkit\CUDA\v10.1\bin;C:\Program Files\NVIDIA GPU Computing Toolkit\CUDA\v10.1\libnvvp;D:\Program Files\Java\jdk1.8.0_202\bin;D:\Program Files\Java\jdk1.8.0_202\jre\bin;C:\Program Files (x86)\Common Files\Oracle\Java\javapath;D:\ProgramData\Anaconda3;D:\ProgramData\Anaconda3\Library\mingw-w64\bin;D:\ProgramData\Anaconda3\Library\usr\bin;D:\ProgramData\Anaconda3\Library\bin;D:\ProgramData\Anaconda3\Scripts;C:\Windows\system32;C:\Windows;C:\Windows\System32\Wbem;C:\Windows\System32\WindowsPowerShell\v1.0\;C:\Windows\System32\OpenSSH\;C:\Program Files (x86)\NVIDIA Corporation\PhysX\Common;C:\Program Files\NVIDIA Corporation\NVIDIA NvDLISR;C:\Windows\system32\WindowsPowerShell\v1.0\Modules;C:\Users\HUAWEI\AppData\Local\Programs\Python\Python37-32;D:\mingw\bin;D:\Program Files\Git\cmd;C:\Users\HUAWEI\AppData\Local\Programs\Python\Python37-32\Scripts;D:\Program Files (x86)\Graphviz2.38\bin;C:\Users\HUAWEI\AppData\Local\Google\Chrome\Application;C:\Program Files\NVIDIA Corporation\Nsight Compute 2019.1\;C:\Program Files\NVIDIA GPU Computing Toolkit\CUDA\v10.1\cudnn765\bin;D:\Program Files\DevelopTools\AndroidSDK\platform-tools;D:\Program Files\nodejs\;D:\Program Files\texlive\2020\bin\win32;D:\Program Files\MATLAB\R2016a\runtime\win64;D:\Program Files\MATLAB\R2016a\bin;D:\Program Files\MATLAB\R2016a\polyspace\bin;D:\Program Files\IBM\SPSS\Statistics\24\JRE\bin;D:\Program Files (x86)\Vim\vim82;D:\masm;C:\Program Files (x86)\Tesseract-OCR;C:\Program Files\Redis\;D:\Program Files\cmder;D:\Program Files\mysql-8.0.22-winx64\bin;D:\mingw\msys\1.0\bin;C:\Program Files\Azure Data Studio\bin;C:\WINDOWS\system32;C:\WINDOWS;C:\WINDOWS\System32\Wbem;C:\WINDOWS\System32\WindowsPowerShell\v1.0\;C:\WINDOWS\System32\OpenSSH\;C:\Program Files\dotnet\;D:\Program Files\MySQL\MySQL Server 5.5\bin;C:\Program Files\Microsoft SQL Server\150\Tools\Binn\;C:\Program Files\Microsoft SQL Server\Client SDK\ODBC\170\Tools\Binn\;C:\Program Files (x86)\Microsoft SQL Server\150\Tools\Binn\;C:\Program Files\Microsoft SQL Server\150\DTS\Binn\;C:\Program Files (x86)\Microsoft SQL Server\150\DTS\Binn\;;D:\Program Files\apache-maven-3.8.1\bin;C:\Program Files\Microsoft SQL Server\Client SDK\ODBC\170\Tools\Binn\;C:\Program Files\Microsoft SQL Server\150\DTS\Binn\;C:\Program Files (x86)\dotnet\;C:\Program Files\Docker\Docker\resources\bin;C:\ProgramData\DockerDesktop\version-bin;D:\Program Files\Go\bin;D:\Ruby27-x64\bin;D:\Program Files\JetBrains\PyCharm Community Edition 2020.3\bin;D:\Program Files\JetBrains\CLion 2019.3.2\bin;D:\Users\HUAWEI\AppData\Local\Programs\Microsoft VS Code\bin;D:\Program Files\JetBrains\IntelliJ IDEA Community Edition 2019.3.3\bin;D:\Program Files\JetBrains\IntelliJ IDEA 2019.3.3\bin;D:\Program Files\JetBrains\PyCharm 2019.3.3\bin;D:\Program Files (x86)\Graphviz2.38\bin;C:\Users\HUAWEI\AppData\Local\Google\Chrome\Application；;C:\Users\HUAWEI\AppData\Roaming\npm;D:\Program Files (x86)\MiKTeX 2.5\miktex\bin;D:\Users\HUAWEI\AppData\Local\Programs\Fiddler;D:\Flex Windows\gcc\bin;D:\Flex Windows\Lex\bin;D:\Flex Windows\bison\bin;C:\Program Files\Azure Data Studio\bin;D:\Program Files\JetBrains\IntelliJ IDEA Community Edition 2021.1\bin;;C:\Users\HUAWEI\AppData\Local\Microsoft\WindowsApps;C:\Users\HUAWEI\.dotnet\tools;d:\Program Files\Tencent\QQGAME\Hall.57734\;C:\Users\HUAWEI\AppData\Local\GitHubDesktop\bin;D:\Program Files\JetBrains\GoLand 2021.3.3\bin;;C:\Users\HUAWEI\go\bin;D:\Program Files\JetBrains\IntelliJ IDEA 2021.3.3\bin;;."/>
    <property name="maven.conf" value="D:\Program Files\apache-maven-3.8.1/conf"/>
    <property name="java.specification.name" value="Java Platform API Specification"/>
    <property name="java.class.version" value="52.0"/>
    <property name="sun.management.compiler" value="HotSpot 64-Bit Tiered Compilers"/>
    <property name="maven.repo.local" value="D:\Program Files\apache-maven-3.8.1\maven-repo"/>
    <property name="os.version" value="10.0"/>
    <property name="user.home" value="C:\Users\HUAWEI"/>
    <property name="user.timezone" value="Asia/Shanghai"/>
    <property name="java.awt.printerjob" value="sun.awt.windows.WPrinterJob"/>
    <property name="java.specification.version" value="1.8"/>
    <property name="file.encoding" value="UTF-8"/>
    <property name="user.name" value="HUAWEI"/>
    <property name="java.class.path" value="D:\Program Files\apache-maven-3.8.1\boot\plexus-classworlds-2.6.0.jar;D:\Program Files\apache-maven-3.8.1\boot\plexus-classworlds.license;D:\Program Files\JetBrains\IntelliJ IDEA 2021.3.3\lib\idea_rt.jar"/>
    <property name="java.vm.specification.version" value="1.8"/>
    <property name="sun.arch.data.model" value="64"/>
    <property name="java.home" value="D:\Program Files\Java\jdk1.8.0_202\jre"/>
    <property name="sun.java.command" value="org.codehaus.classworlds.Launcher -Didea.version=2021.3.3 -s D:\Program Files\apache-maven-3.8.1\conf\settings.xml -Dmaven.repo.local=D:\Program Files\apache-maven-3.8.1\maven-repo package"/>
    <property name="java.specification.vendor" value="Oracle Corporation"/>
    <property name="user.language" value="zh"/>
    <property name="awt.toolkit" value="sun.awt.windows.WToolkit"/>
    <property name="java.vm.info" value="mixed mode"/>
    <property name="java.version" value="1.8.0_202"/>
    <property name="java.ext.dirs" value="D:\Program Files\Java\jdk1.8.0_202\jre\lib\ext;C:\WINDOWS\Sun\Java\lib\ext"/>
    <property name="sun.boot.class.path" value="D:\Program Files\Java\jdk1.8.0_202\jre\lib\resources.jar;D:\Program Files\Java\jdk1.8.0_202\jre\lib\rt.jar;D:\Program Files\Java\jdk1.8.0_202\jre\lib\sunrsasign.jar;D:\Program Files\Java\jdk1.8.0_202\jre\lib\jsse.jar;D:\Program Files\Java\jdk1.8.0_202\jre\lib\jce.jar;D:\Program Files\Java\jdk1.8.0_202\jre\lib\charsets.jar;D:\Program Files\Java\jdk1.8.0_202\jre\lib\jfr.jar;D:\Program Files\Java\jdk1.8.0_202\jre\classes"/>
    <property name="java.vendor" value="Oracle Corporation"/>
    <property name="maven.home" value="D:\Program Files\apache-maven-3.8.1"/>
    <property name="file.separator" value="\"/>
    <property name="java.vendor.url.bug" value="http://bugreport.sun.com/bugreport/"/>
    <property name="sun.cpu.endian" value="little"/>
    <property name="sun.io.unicode.encoding" value="UnicodeLittle"/>
    <property name="sun.desktop" value="windows"/>
    <property name="sun.cpu.isalist" value="amd64"/>
  </properties>
  <testcase name="contextLoads" classname="com.ll.BlogApplicationTests" time="0.06"/>
</testsuite>